<?xml version="1.0" encoding="UTF-8"?>
<testsuite xmlns:xsi="http://www.w3.org/2001/XMLSchema-instance" xsi:noNamespaceSchemaLocation="https://maven.apache.org/surefire/maven-surefire-plugin/xsd/surefire-test-report.xsd" name="com.example.MyExampleTest" time="0.022" tests="4" errors="0" skipped="0" failures="0">
  <properties>
[...]
</properties>
  <testcase name="testSumPositiveNumbers" classname="com.example.MyExampleTest" time="0.015"/>
  <testcase name="testSumNegativeNumbers" classname="com.example.MyExampleTest" time="0"/>
  <testcase name="testSumPositiveAndNegative" classname="com.example.MyExampleTest" time="0"/>
  <testcase name="testSumZero" classname="com.example.MyExampleTest" time="0.001"/>
</testsuite>